<?xml version="1.0" encoding="UTF-8"?>
<!-- Generated by org.testng.reporters.JUnitReportReporter -->
<testsuite hostname="user1" failures="0" tests="1" name="testScripts.GooglePageTest" time="4.544" errors="0" timestamp="2025-03-25T17:39:30 IST" skipped="0">
  <testcase classname="testScripts.GooglePageTest" name="seleniumnSearch" time="4.544"/>
</testsuite> <!-- testScripts.GooglePageTest -->
