<?xml version="1.0" encoding="UTF-8"?>
<!-- Generated by org.testng.reporters.JUnitReportReporter -->
<testsuite hostname="user1" failures="0" tests="1" name="testScripts.Mouseactiontest" time="16.583" errors="0" timestamp="2025-04-05T13:07:29 IST" skipped="0">
  <testcase classname="testScripts.Mouseactiontest" name="mouse_action" time="16.583"/>
</testsuite> <!-- testScripts.Mouseactiontest -->
