<?xml version="1.0" encoding="UTF-8"?>
<!-- Generated by org.testng.reporters.JUnitReportReporter -->
<testsuite hostname="user1" failures="0" tests="1" name="testScripts.DropdownTest" time="14.399" errors="0" timestamp="2025-03-27T17:03:12 IST" skipped="0">
  <testcase classname="testScripts.DropdownTest" name="dropdown" time="14.399"/>
</testsuite> <!-- testScripts.DropdownTest -->
