<?xml version="1.0" encoding="UTF-8"?>
<!-- Generated by org.testng.reporters.JUnitReportReporter -->
<testsuite hostname="user1" failures="0" tests="1" name="testScripts.Checkboxtest" time="7.375" errors="0" timestamp="2025-03-27T15:32:32 IST" skipped="0">
  <testcase classname="testScripts.Checkboxtest" name="seleniumnSearch" time="7.375"/>
</testsuite> <!-- testScripts.Checkboxtest -->
