<?xml version="1.0" encoding="UTF-8"?>
<!-- Generated by org.testng.reporters.JUnitReportReporter -->
<testsuite hostname="user1" failures="0" tests="1" name="testScripts.GooglePageTest" time="8.194" errors="0" timestamp="2025-03-27T14:20:04 IST" skipped="0">
  <testcase classname="testScripts.GooglePageTest" name="seleniumnSearch" time="8.194"/>
</testsuite> <!-- testScripts.GooglePageTest -->
