<?xml version="1.0" encoding="UTF-8"?>
<!-- Generated by org.testng.reporters.JUnitReportReporter -->
<testsuite hostname="user1" failures="0" tests="3" name="parallelscripts.SamplethreeTest" time="6.964" errors="0" timestamp="2025-04-08T16:00:03 IST" skipped="0">
  <testcase classname="parallelscripts.SamplethreeTest" name="testthree" time="3.682"/>
  <testcase classname="parallelscripts.SamplethreeTest" name="testtwo" time="3.240"/>
  <testcase classname="parallelscripts.SamplethreeTest" name="testone" time="0.042"/>
</testsuite> <!-- parallelscripts.SamplethreeTest -->
