<?xml version="1.0" encoding="UTF-8"?>
<!-- Generated by org.testng.reporters.JUnitReportReporter -->
<testsuite hostname="user1" failures="0" tests="1" name="testScripts.isdisplayed" time="8.750" errors="0" timestamp="2025-03-27T15:16:14 IST" skipped="0">
  <testcase classname="testScripts.isdisplayed" name="seleniumnSearch" time="8.750"/>
</testsuite> <!-- testScripts.isdisplayed -->
