<?xml version="1.0" encoding="UTF-8"?>
<!-- Generated by org.testng.reporters.JUnitReportReporter -->
<testsuite hostname="user1" failures="0" tests="8" name="parallelscripts.SampleneTest" time="7.479" errors="0" timestamp="2025-04-08T17:42:19 IST" skipped="0">
  <testcase classname="parallelscripts.SampleneTest" name="testtwo" time="3.612"/>
  <testcase classname="parallelscripts.SampleneTest" name="testthree" time="3.753"/>
  <testcase classname="parallelscripts.SampleneTest" name="testone" time="0.005"/>
  <testcase classname="parallelscripts.SampleneTest" name="testone" time="0.003"/>
  <testcase classname="parallelscripts.SampleneTest" name="testone" time="0.008"/>
  <testcase classname="parallelscripts.SampleneTest" name="testone" time="0.006"/>
  <testcase classname="parallelscripts.SampleneTest" name="testone" time="0.011"/>
  <testcase classname="parallelscripts.SampleneTest" name="testone" time="0.081"/>
</testsuite> <!-- parallelscripts.SampleneTest -->
