<?xml version="1.0" encoding="UTF-8"?>
<!-- Generated by org.testng.reporters.JUnitReportReporter -->
<testsuite hostname="user1" failures="0" tests="1" name="testScripts.DynamicElementsTest" time="3.251" errors="0" timestamp="2025-04-05T16:35:11 IST" skipped="0">
  <testcase classname="testScripts.DynamicElementsTest" name="f" time="3.251"/>
</testsuite> <!-- testScripts.DynamicElementsTest -->
