<?xml version="1.0" encoding="UTF-8"?>
<!-- Generated by org.testng.reporters.JUnitReportReporter -->
<testsuite hostname="user1" failures="0" tests="1" name="groupscripts.SampleThree" time="0.016" errors="0" timestamp="2025-04-05T17:41:12 IST" skipped="0">
  <testcase classname="groupscripts.SampleThree" name="testOne" time="0.016"/>
</testsuite> <!-- groupscripts.SampleThree -->
