<?xml version="1.0" encoding="UTF-8"?>
<!-- Generated by org.testng.reporters.JUnitReportReporter -->
<testsuite hostname="user1" failures="0" tests="3" name="parallelscripts.SampletwoTest" time="5.661" errors="0" timestamp="2025-04-08T17:41:38 IST" skipped="0">
  <testcase classname="parallelscripts.SampletwoTest" name="testone" time="0.003"/>
  <testcase classname="parallelscripts.SampletwoTest" name="testthree" time="2.782"/>
  <testcase classname="parallelscripts.SampletwoTest" name="testtwo" time="2.876"/>
</testsuite> <!-- parallelscripts.SampletwoTest -->
