<?xml version="1.0" encoding="UTF-8"?>
<!-- Generated by org.testng.reporters.JUnitReportReporter -->
<testsuite hostname="user1" failures="0" tests="1" name="testScripts.FileTest" time="3.852" errors="0" timestamp="2025-04-05T12:02:32 IST" skipped="0">
  <testcase classname="testScripts.FileTest" name="filet" time="3.852"/>
</testsuite> <!-- testScripts.FileTest -->
