<?xml version="1.0" encoding="UTF-8"?>
<!-- Generated by org.testng.reporters.JUnitReportReporter -->
<testsuite hostname="user1" failures="0" tests="1" name="testScripts.Relativelocator" time="3.493" errors="0" timestamp="2025-03-25T17:43:12 IST" skipped="0">
  <testcase classname="testScripts.Relativelocator" name="seleniumnSearch" time="3.493"/>
</testsuite> <!-- testScripts.Relativelocator -->
