<?xml version="1.0" encoding="UTF-8"?>
<!-- Generated by org.testng.reporters.JUnitReportReporter -->
<testsuite hostname="user1" failures="0" tests="1" name="testScripts.FiledownloadTest" time="10.813" errors="0" timestamp="2025-04-05T12:23:39 IST" skipped="0">
  <testcase classname="testScripts.FiledownloadTest" name="filedown" time="10.813"/>
</testsuite> <!-- testScripts.FiledownloadTest -->
